################## Summary #####################
        Test Number: 3466
        Time Consume: 8.814 s
        FPS: 393.255
        LEVEL - 0
        Mean Error:
            Left Eye       = 0.405800
            Right Eye      = 1.014786
            Nose           = 0.963724
            Left Mouth     = 0.993275
            Right Mouth    = 1.370266
        Failure:
            Left Eye       = 1.000000
            Right Eye      = 1.000000
            Nose           = 1.000000
            Left Mouth     = 1.000000
            Right Mouth    = 1.000000
        
a_w0:0: 0.294949
b_w0:0: -0.0223457
a_w2:0: 0.406274
b_w2:0: -0.0248061
a_w3:0: 0.363138
b_w3:0: -0.0235864
a_w4:0: 0.319043
b_w4:0: -0.0240169
